arvore ja balanceada.
45(0) 
1
arvore ja balanceada.
30(0) 45(-1) 
2
no responsavel: 45
18(0) 30(-1) 45(-2) 
rotacao direita.
18(0) 30(0) 45(0) 
2
arvore ja balanceada.
18(0) 30(+1) 45(+1) 60(0) 
3
no responsavel: 45
18(0) 30(+2) 45(+2) 60(+1) 81(0) 
rotacao esquerda.
18(0) 30(+1) 45(0) 60(0) 81(0) 
3
no responsavel: 30
18(0) 30(+2) 36(0) 45(-1) 60(-1) 81(0) 
rotacao esquerda dupla.
18(0) 30(0) 36(0) 45(0) 60(+1) 81(0) 
3
no responsavel: 60
18(0) 30(0) 36(0) 45(+1) 60(+2) 81(+1) 101(0) 
rotacao esquerda.
18(0) 30(0) 36(0) 45(0) 60(0) 81(0) 101(0) 
3
arvore ja balanceada.
5(0) 18(-1) 30(-1) 36(0) 45(-1) 60(0) 81(0) 101(0) 
4
no responsavel: 18
5(+1) 8(0) 18(-2) 30(-2) 36(0) 45(-2) 60(0) 81(0) 101(0) 
rotacao direita dupla.
5(0) 8(0) 18(0) 30(-1) 36(0) 45(-1) 60(0) 81(0) 101(0) 
4
no responsavel: 30
3(0) 5(-1) 8(-1) 18(0) 30(-2) 36(0) 45(-2) 60(0) 81(0) 101(0) 
rotacao direita.
3(0) 5(-1) 8(0) 18(0) 30(0) 36(0) 45(-1) 60(0) 81(0) 101(0) 
4

arvore ja balanceada.
10(0) 
1
arvore ja balanceada.
8(0) 10(-1) 
2
no responsavel: 10
6(0) 8(-1) 10(-2) 
rotacao direita.
6(0) 8(0) 10(0) 
2
arvore ja balanceada.
4(0) 6(-1) 8(-1) 10(0) 
3
no responsavel: 6
2(0) 4(-1) 6(-2) 8(-2) 10(0) 
rotacao direita.
2(0) 4(0) 6(0) 8(-1) 10(0) 
3

